npm warn cleanup Failed to remove some directories [
npm warn cleanup   [
npm warn cleanup     '\\\\?\\C:\\Users\\Sadio\\OneDrive\\Desktop\\ticketing\\node_modules\\@sentry\\node',
npm warn cleanup     [Error: EPERM: operation not permitted, rmdir 'C:\Users\Sadio\OneDrive\Desktop\ticketing\node_modules\@sentry\node\build\types\integrations\tracing'] {
npm warn cleanup       errno: -4048,
npm warn cleanup       code: 'EPERM',
npm warn cleanup       syscall: 'rmdir',
npm warn cleanup       path: 'C:\\Users\\Sadio\\OneDrive\\Desktop\\ticketing\\node_modules\\@sentry\\node\\build\\types\\integrations\\tracing'
npm warn cleanup     }
npm warn cleanup   ],
npm warn cleanup   [
npm warn cleanup     '\\\\?\\C:\\Users\\Sadio\\OneDrive\\Desktop\\ticketing\\node_modules\\@opentelemetry',
npm warn cleanup     [Error: EPERM: operation not permitted, rmdir 'C:\Users\Sadio\OneDrive\Desktop\ticketing\node_modules\@opentelemetry\instrumentation-tedious'] {
npm warn cleanup       errno: -4048,
npm warn cleanup       code: 'EPERM',
npm warn cleanup       syscall: 'rmdir',
npm warn cleanup       path: 'C:\\Users\\Sadio\\OneDrive\\Desktop\\ticketing\\node_modules\\@opentelemetry\\instrumentation-tedious'
npm warn cleanup     }
npm warn cleanup   ]
npm warn cleanup ]
npm error code ECONNRESET
npm error syscall read
npm error errno -4077
npm error network read ECONNRESET
npm error network This is a problem related to network connectivity.
npm error network In most cases you are behind a proxy or have bad network settings.
npm error network
npm error network If you are behind a proxy, please make sure that the
npm error network 'proxy' config is set properly.  See: 'npm help config'
npm error A complete log of this run can be found in: C:\Users\Sadio\AppData\Local\npm-cache\_logs\2025-05-14T14_43_16_348Z-debug-0.log
